<?xml version="1.0" encoding="UTF-8"?>
<testsuite xmlns:xsi="http://www.w3.org/2001/XMLSchema-instance" xsi:noNamespaceSchemaLocation="https://maven.apache.org/surefire/maven-surefire-plugin/xsd/surefire-test-report-3.0.xsd" version="3.0" name="com.dh.testServiceOdontologos.OdontologoServiceTest" time="0.235" tests="2" errors="0" skipped="0" failures="0">
  <properties>
    <property name="sun.desktop" value="windows"/>
    <property name="awt.toolkit" value="sun.awt.windows.WToolkit"/>
    <property name="java.specification.version" value="11"/>
    <property name="sun.cpu.isalist" value="amd64"/>
    <property name="sun.jnu.encoding" value="Cp1252"/>
    <property name="java.class.path" value="C:\Users\user\Desktop\DeveloperTraining\Certified_Tech_Developer_Program_Exercises\Bimester 3.1\Backend 1\C16 - Maven\target\test-classes;C:\Users\user\Desktop\DeveloperTraining\Certified_Tech_Developer_Program_Exercises\Bimester 3.1\Backend 1\C16 - Maven\target\classes;C:\Users\user\.m2\repository\junit\junit\4.12\junit-4.12.jar;C:\Users\user\.m2\repository\org\hamcrest\hamcrest-core\1.3\hamcrest-core-1.3.jar;C:\Users\user\.m2\repository\com\h2database\h2\1.4.200\h2-1.4.200.jar;C:\Users\user\.m2\repository\log4j\log4j\1.2.17\log4j-1.2.17.jar;C:\Users\user\.m2\repository\org\junit\jupiter\junit-jupiter\5.9.0-M1\junit-jupiter-5.9.0-M1.jar;C:\Users\user\.m2\repository\org\junit\jupiter\junit-jupiter-api\5.9.0-M1\junit-jupiter-api-5.9.0-M1.jar;C:\Users\user\.m2\repository\org\opentest4j\opentest4j\1.2.0\opentest4j-1.2.0.jar;C:\Users\user\.m2\repository\org\junit\platform\junit-platform-commons\1.9.0-M1\junit-platform-commons-1.9.0-M1.jar;C:\Users\user\.m2\repository\org\apiguardian\apiguardian-api\1.1.2\apiguardian-api-1.1.2.jar;C:\Users\user\.m2\repository\org\junit\jupiter\junit-jupiter-params\5.9.0-M1\junit-jupiter-params-5.9.0-M1.jar;C:\Users\user\.m2\repository\org\junit\jupiter\junit-jupiter-engine\5.9.0-M1\junit-jupiter-engine-5.9.0-M1.jar;C:\Users\user\.m2\repository\org\junit\platform\junit-platform-engine\1.9.0-M1\junit-platform-engine-1.9.0-M1.jar;"/>
    <property name="java.vm.vendor" value="Eclipse Adoptium"/>
    <property name="sun.arch.data.model" value="64"/>
    <property name="user.variant" value=""/>
    <property name="java.vendor.url" value="https://adoptium.net/"/>
    <property name="user.timezone" value="America/Bogota"/>
    <property name="java.vm.specification.version" value="11"/>
    <property name="os.name" value="Windows 11"/>
    <property name="sun.java.launcher" value="SUN_STANDARD"/>
    <property name="user.country" value="MX"/>
    <property name="sun.boot.library.path" value="C:\Program Files\Eclipse Adoptium\jdk-11.0.15.10-hotspot\bin"/>
    <property name="sun.java.command" value="C:\Users\user\AppData\Local\Temp\surefire3473883830323684312\surefirebooter10417396455228953088.jar C:\Users\user\AppData\Local\Temp\surefire3473883830323684312 2022-06-05T22-58-53_662-jvmRun1 surefire8094866623183613073tmp surefire_01248644022219559423tmp"/>
    <property name="jdk.debug" value="release"/>
    <property name="surefire.test.class.path" value="C:\Users\user\Desktop\DeveloperTraining\Certified_Tech_Developer_Program_Exercises\Bimester 3.1\Backend 1\C16 - Maven\target\test-classes;C:\Users\user\Desktop\DeveloperTraining\Certified_Tech_Developer_Program_Exercises\Bimester 3.1\Backend 1\C16 - Maven\target\classes;C:\Users\user\.m2\repository\junit\junit\4.12\junit-4.12.jar;C:\Users\user\.m2\repository\org\hamcrest\hamcrest-core\1.3\hamcrest-core-1.3.jar;C:\Users\user\.m2\repository\com\h2database\h2\1.4.200\h2-1.4.200.jar;C:\Users\user\.m2\repository\log4j\log4j\1.2.17\log4j-1.2.17.jar;C:\Users\user\.m2\repository\org\junit\jupiter\junit-jupiter\5.9.0-M1\junit-jupiter-5.9.0-M1.jar;C:\Users\user\.m2\repository\org\junit\jupiter\junit-jupiter-api\5.9.0-M1\junit-jupiter-api-5.9.0-M1.jar;C:\Users\user\.m2\repository\org\opentest4j\opentest4j\1.2.0\opentest4j-1.2.0.jar;C:\Users\user\.m2\repository\org\junit\platform\junit-platform-commons\1.9.0-M1\junit-platform-commons-1.9.0-M1.jar;C:\Users\user\.m2\repository\org\apiguardian\apiguardian-api\1.1.2\apiguardian-api-1.1.2.jar;C:\Users\user\.m2\repository\org\junit\jupiter\junit-jupiter-params\5.9.0-M1\junit-jupiter-params-5.9.0-M1.jar;C:\Users\user\.m2\repository\org\junit\jupiter\junit-jupiter-engine\5.9.0-M1\junit-jupiter-engine-5.9.0-M1.jar;C:\Users\user\.m2\repository\org\junit\platform\junit-platform-engine\1.9.0-M1\junit-platform-engine-1.9.0-M1.jar;"/>
    <property name="sun.cpu.endian" value="little"/>
    <property name="user.home" value="C:\Users\user"/>
    <property name="user.language" value="es"/>
    <property name="java.specification.vendor" value="Oracle Corporation"/>
    <property name="java.version.date" value="2022-04-19"/>
    <property name="java.home" value="C:\Program Files\Eclipse Adoptium\jdk-11.0.15.10-hotspot"/>
    <property name="file.separator" value="\"/>
    <property name="basedir" value="C:\Users\user\Desktop\DeveloperTraining\Certified_Tech_Developer_Program_Exercises\Bimester 3.1\Backend 1\C16 - Maven"/>
    <property name="java.vm.compressedOopsMode" value="Zero based"/>
    <property name="line.separator" value="&#10;"/>
    <property name="java.specification.name" value="Java Platform API Specification"/>
    <property name="java.vm.specification.vendor" value="Oracle Corporation"/>
    <property name="java.awt.graphicsenv" value="sun.awt.Win32GraphicsEnvironment"/>
    <property name="surefire.real.class.path" value="C:\Users\user\AppData\Local\Temp\surefire3473883830323684312\surefirebooter10417396455228953088.jar"/>
    <property name="user.script" value=""/>
    <property name="sun.management.compiler" value="HotSpot 64-Bit Tiered Compilers"/>
    <property name="java.runtime.version" value="11.0.15+10"/>
    <property name="user.name" value="user"/>
    <property name="path.separator" value=";"/>
    <property name="os.version" value="10.0"/>
    <property name="java.runtime.name" value="OpenJDK Runtime Environment"/>
    <property name="file.encoding" value="Cp1252"/>
    <property name="java.vm.name" value="OpenJDK 64-Bit Server VM"/>
    <property name="java.vendor.version" value="Temurin-11.0.15+10"/>
    <property name="localRepository" value="C:\Users\user\.m2\repository"/>
    <property name="java.vendor.url.bug" value="https://github.com/adoptium/adoptium-support/issues"/>
    <property name="java.io.tmpdir" value="C:\Users\user\AppData\Local\Temp\"/>
    <property name="idea.version" value="2021.3.3"/>
    <property name="java.version" value="11.0.15"/>
    <property name="user.dir" value="C:\Users\user\Desktop\DeveloperTraining\Certified_Tech_Developer_Program_Exercises\Bimester 3.1\Backend 1\C16 - Maven"/>
    <property name="os.arch" value="amd64"/>
    <property name="java.vm.specification.name" value="Java Virtual Machine Specification"/>
    <property name="java.awt.printerjob" value="sun.awt.windows.WPrinterJob"/>
    <property name="sun.os.patch.level" value=""/>
    <property name="java.library.path" value="C:\Program Files\Eclipse Adoptium\jdk-11.0.15.10-hotspot\bin;C:\Windows\Sun\Java\bin;C:\Windows\system32;C:\Windows;C:\Program Files\Eclipse Adoptium\jdk-11.0.15.10-hotspot\bin;C:\Program Files\Eclipse Adoptium\jdk-8.0.332.9-hotspot\bin;C:\Program Files\Common Files\Oracle\Java\javapath;C:\Windows\system32;C:\Windows;C:\Windows\System32\Wbem;C:\Windows\System32\WindowsPowerShell\v1.0\;C:\Windows\System32\OpenSSH\;C:\Program Files (x86)\NVIDIA Corporation\PhysX\Common;C:\Program Files\NVIDIA Corporation\NVIDIA NvDLISR;C:\HashiCorp\Vagrant\bin;C:\Program Files\Git\cmd;C:\Program Files\nodejs\;C:\Program Files\Docker\Docker\resources\bin;C:\ProgramData\DockerDesktop\version-bin;C:\Program Files\PuTTY\;C:\Users\user\AppData\Local\Microsoft\WindowsApps;;C:\Users\user\AppData\Local\Programs\Microsoft VS Code\bin;C:\Users\user\AppData\Roaming\npm;."/>
    <property name="java.vm.info" value="mixed mode"/>
    <property name="java.vendor" value="Eclipse Adoptium"/>
    <property name="java.vm.version" value="11.0.15+10"/>
    <property name="sun.io.unicode.encoding" value="UnicodeLittle"/>
    <property name="java.class.version" value="55.0"/>
  </properties>
  <testcase name="buscarTodosLosOdontologos" classname="com.dh.testServiceOdontologos.OdontologoServiceTest" time="0.031">
    <system-out><![CDATA[[2022-06-05 22:58:54] [ INFO ] [OdontologoDAOH2:60] Se comienza una operacion de busqueda de todos los registros de la tabla ODONTOLOGOS
[2022-06-05 22:58:54] [ INFO ] [OdontologoServiceTest:71] ID: 1 Nombre: Jairo Matricula: 1598
[2022-06-05 22:58:54] [ INFO ] [OdontologoServiceTest:71] ID: 2 Nombre: Miranda Matricula: 1785
[2022-06-05 22:58:54] [ INFO ] [OdontologoServiceTest:71] ID: 3 Nombre: Antonio Matricula: 152
]]></system-out>
  </testcase>
  <testcase name="guardarOdontologo" classname="com.dh.testServiceOdontologos.OdontologoServiceTest" time="0">
    <system-out><![CDATA[[2022-06-05 22:58:54] [ INFO ] [OdontologoDAOH2:21] Se comienza una operacion de guardado
[2022-06-05 22:58:54] [ INFO ] [OdontologoServiceTest:35] Se comienza una busqueda para validar si el registro guardado se encuentra en la tabla
]]></system-out>
  </testcase>
</testsuite>